Avg send time for string of size 1: 0.000002315100000000001348004737
Avg receive time for string of size 1: 0.000000000000000000000000000000
Avg send time for string of size 10: 0.000000812366666666666747819586
Avg receive time for string of size 10: 0.000000000000000000000000000000
Avg send time for string of size 100: 0.000002099966666666666392668207
Avg receive time for string of size 100: 0.000000000000000000000000000000
Avg send time for string of size 1000: 0.000002008533333333342636603481
Avg receive time for string of size 1000: 0.000000000000000000000000000000
Avg send time for string of size 10000: 0.000003443699999999979412354956
Avg receive time for string of size 10000: 0.000000000000000000000000000000
Avg send time for string of size 100000: 0.000017626833333332474885004129
Avg receive time for string of size 100000: 0.000000000000000000000000000000
Avg send time for string of size 1000000: 0.000214926966666673108100407696
Avg receive time for string of size 1000000: 0.000000000000000000000000000000
Avg send time for string of size 10000000: 0.003086406666666707820922965766
Avg receive time for string of size 10000000: 0.000000000000000000000000000000
Avg send time for string of size 100000000: 0.048865706066666389495445343982
Avg receive time for string of size 100000000: 0.000000000000000000000000000000
corrupted size vs. prev_size
[g5:00687] *** Process received signal ***
[g5:00687] Signal: Aborted (6)
[g5:00687] Signal code:  (-6)
[g5:00687] [ 0] /gnu/store/fa6wj5bxkj5ll1d7292a70knmyl7a0cr-glibc-2.31/lib/libpthread.so.0(+0x13010)[0x7f14e5732010]
[g5:00687] [ 1] /gnu/store/fa6wj5bxkj5ll1d7292a70knmyl7a0cr-glibc-2.31/lib/libc.so.6(gsignal+0xca)[0x7f14e5596aba]
[g5:00687] [ 2] /gnu/store/fa6wj5bxkj5ll1d7292a70knmyl7a0cr-glibc-2.31/lib/libc.so.6(abort+0x165)[0x7f14e5597bf5]
[g5:00687] [ 3] /gnu/store/fa6wj5bxkj5ll1d7292a70knmyl7a0cr-glibc-2.31/lib/libc.so.6(+0x78c97)[0x7f14e55d8c97]
[g5:00687] [ 4] /gnu/store/fa6wj5bxkj5ll1d7292a70knmyl7a0cr-glibc-2.31/lib/libc.so.6(+0x7ffea)[0x7f14e55dffea]
[g5:00687] [ 5] /gnu/store/fa6wj5bxkj5ll1d7292a70knmyl7a0cr-glibc-2.31/lib/libc.so.6(+0x80816)[0x7f14e55e0816]
[g5:00687] [ 6] /gnu/store/fa6wj5bxkj5ll1d7292a70knmyl7a0cr-glibc-2.31/lib/libc.so.6(+0x81c9b)[0x7f14e55e1c9b]
[g5:00687] [ 7] /gnu/store/ja2d7jzvgcjbmrbig29mw7n9y65ljrma-ucx-1.8.1/lib/libucs.so.0(ucs_mpool_cleanup+0x85)[0x7f14df744c25]
[g5:00687] [ 8] /gnu/store/ja2d7jzvgcjbmrbig29mw7n9y65ljrma-ucx-1.8.1/lib/libucp.so.0(ucp_worker_destroy+0x2f9)[0x7f14df79bf89]
[g5:00687] [ 9] /gnu/store/ifqp241jhmwril2jpdsib1irmix3s7f6-openmpi-4.0.2/lib/openmpi/mca_pml_ucx.so(mca_pml_ucx_cleanup+0x17b)[0x7f14e406b93b]
[g5:00687] [10] /gnu/store/ifqp241jhmwril2jpdsib1irmix3s7f6-openmpi-4.0.2/lib/libmpi.so.40(ompi_mpi_finalize+0x55c)[0x7f14e5ac3e6c]
[g5:00687] [11] main[0x401478]
[g5:00687] [12] /gnu/store/fa6wj5bxkj5ll1d7292a70knmyl7a0cr-glibc-2.31/lib/libc.so.6(__libc_start_main+0xed)[0x7f14e5582a6d]
[g5:00687] [13] main[0x4011ba]
[g5:00687] *** End of error message ***
--------------------------------------------------------------------------
Primary job  terminated normally, but 1 process returned
a non-zero exit code. Per user-direction, the job has been aborted.
--------------------------------------------------------------------------
--------------------------------------------------------------------------
mpirun noticed that process rank 0 with PID 687 on node g5 exited on signal 6 (Aborted).
--------------------------------------------------------------------------
